

*******************************************************************************
Mon Jan  2 23:19:09 2017


FIT:    data read from './Data/MeanTmData.csv' using 1:2:3:4  xyerrors
        format = x:z:sx:s
        #datapoints = 45
function used for fitting: ellk(x)
	ellk(x) = VART2*(2/pi)*EllipticK(sqrt(x))
fitted parameters initialized with current variable values

   4 1.7698611887e+00  -2.63e-10  3.73e+03    5.814844e-01

After 4 iterations the fit converged.
final sum of squares of residuals : 1.76986
rel. change during last iteration : -2.63463e-15

degrees of freedom    (FIT_NDF)                        : 44
rms of residuals      (FIT_STDFIT) = sqrt(WSSR/ndf)    : 0.20056
variance of residuals (reduced chisquare) = WSSR/ndf   : 0.0402241
p-value of the Chisq distribution (FIT_P)              : 1

Final set of parameters            Asymptotic Standard Error
=======================            ==========================
VART2           = 0.581484         +/- 7.922e-05    (0.01362%)


*******************************************************************************
Mon Jan  2 23:19:09 2017


FIT:    data read from './Data/LinearData.csv' using 1:2:3:4  xyerrors
        format = x:z:sx:s
        #datapoints = 9
function used for fitting: linear(x)
	linear(x) = VART*(1+VARL*x)
fitted parameters initialized with current variable values

   5 6.0930011228e-02  -4.25e-02  2.02e-03    5.819490e-01   2.489402e-01

After 5 iterations the fit converged.
final sum of squares of residuals : 0.06093
rel. change during last iteration : -4.25152e-07

degrees of freedom    (FIT_NDF)                        : 7
rms of residuals      (FIT_STDFIT) = sqrt(WSSR/ndf)    : 0.0932968
variance of residuals (reduced chisquare) = WSSR/ndf   : 0.00870429
p-value of the Chisq distribution (FIT_P)              : 1

Final set of parameters            Asymptotic Standard Error
=======================            ==========================
VART            = 0.581949         +/- 0.0002024    (0.03478%)
VARL            = 0.24894          +/- 0.007415     (2.978%)

correlation matrix of the fit parameters:
                VART   VARL   
VART            1.000 
VARL           -0.890  1.000 


*******************************************************************************
Mon Jan  2 23:19:09 2017


FIT:    data read from './Data/QuadraticData.csv' using 1:2:3:4  xyerrors
        format = x:z:sx:s
        #datapoints = 26
function used for fitting: quadratic(x)
	quadratic(x) = linear(x) + VART*VARQ*x**2
	linear(x) = VART*(1+VARL*x)
fitted parameters initialized with current variable values

   5 7.9043476440e-01  -8.76e-04  1.62e-03    5.815488e-01   1.568868e-01

After 5 iterations the fit converged.
final sum of squares of residuals : 0.790435
rel. change during last iteration : -8.75619e-09

degrees of freedom    (FIT_NDF)                        : 24
rms of residuals      (FIT_STDFIT) = sqrt(WSSR/ndf)    : 0.181479
variance of residuals (reduced chisquare) = WSSR/ndf   : 0.0329348
p-value of the Chisq distribution (FIT_P)              : 1

Final set of parameters            Asymptotic Standard Error
=======================            ==========================
VART            = 0.581549         +/- 0.0001537    (0.02643%)
VARQ            = 0.156887         +/- 0.01258      (8.021%)

correlation matrix of the fit parameters:
                VART   VARQ   
VART            1.000 
VARQ           -0.809  1.000 


*******************************************************************************
Mon Jan  2 23:19:09 2017


FIT:    data read from './Data/CubicData.csv' using 1:2:3:4  xyerrors
        format = x:z:sx:s
        #datapoints = 45
function used for fitting: cubic(x)
	cubic(x) = quadratic(x) + VART*VARC*x**3
	quadratic(x) = linear(x) + VART*VARQ*x**2
	linear(x) = VART*(1+VARL*x)
fitted parameters initialized with current variable values

   5 1.8956791984e+00  -3.68e-09  1.56e+03    5.813469e-01   1.040459e-01

After 5 iterations the fit converged.
final sum of squares of residuals : 1.89568
rel. change during last iteration : -3.67794e-14

degrees of freedom    (FIT_NDF)                        : 43
rms of residuals      (FIT_STDFIT) = sqrt(WSSR/ndf)    : 0.209966
variance of residuals (reduced chisquare) = WSSR/ndf   : 0.0440856
p-value of the Chisq distribution (FIT_P)              : 1

Final set of parameters            Asymptotic Standard Error
=======================            ==========================
VART            = 0.581347         +/- 0.0001104    (0.01898%)
VARC            = 0.104046         +/- 0.01295      (12.44%)

correlation matrix of the fit parameters:
                VART   VARC   
VART            1.000 
VARC           -0.660  1.000 
