

*******************************************************************************
Mon Dec 19 23:09:51 2016


FIT:    data read from './Data/MeanTmData.csv' using 1:2:3:4  xyerrors
        format = x:z:sx:s
        #datapoints = 41
function used for fitting: ellk(x)
	ellk(x) = VART2*(2/pi)*EllipticK(sqrt(x))
fitted parameters initialized with current variable values

   4 1.7331280196e+00  -1.65e-08  3.88e-02    5.814074e-01

After 4 iterations the fit converged.
final sum of squares of residuals : 1.73313
rel. change during last iteration : -1.6476e-13

degrees of freedom    (FIT_NDF)                        : 40
rms of residuals      (FIT_STDFIT) = sqrt(WSSR/ndf)    : 0.208154
variance of residuals (reduced chisquare) = WSSR/ndf   : 0.0433282
p-value of the Chisq distribution (FIT_P)              : 1

Final set of parameters            Asymptotic Standard Error
=======================            ==========================
VART2           = 0.581407         +/- 8.259e-05    (0.01421%)


*******************************************************************************
Mon Dec 19 23:09:51 2016


FIT:    data read from './Data/LinearData.csv' using 1:2:3:4  xyerrors
        format = x:z:sx:s
        #datapoints = 9
function used for fitting: linear(x)
	linear(x) = VART*(1+VARL*x)
fitted parameters initialized with current variable values

   5 2.3841482090e-02  -1.90e-02  2.05e-03    5.820216e-01   2.446812e-01

After 5 iterations the fit converged.
final sum of squares of residuals : 0.0238415
rel. change during last iteration : -1.90422e-07

degrees of freedom    (FIT_NDF)                        : 7
rms of residuals      (FIT_STDFIT) = sqrt(WSSR/ndf)    : 0.0583603
variance of residuals (reduced chisquare) = WSSR/ndf   : 0.00340593
p-value of the Chisq distribution (FIT_P)              : 1

Final set of parameters            Asymptotic Standard Error
=======================            ==========================
VART            = 0.582022         +/- 0.0001295    (0.02225%)
VARL            = 0.244681         +/- 0.004437     (1.813%)

correlation matrix of the fit parameters:
                VART   VARL   
VART            1.000 
VARL           -0.895  1.000 


*******************************************************************************
Mon Dec 19 23:09:51 2016


FIT:    data read from './Data/QuadraticData.csv' using 1:2:3:4  xyerrors
        format = x:z:sx:s
        #datapoints = 25
function used for fitting: quadratic(x)
	quadratic(x) = linear(x) + VART*VARQ*x**2
	linear(x) = VART*(1+VARL*x)
fitted parameters initialized with current variable values

   5 9.0701989373e-01  -1.18e-04  1.74e-03    5.817856e-01   1.639626e-01

After 5 iterations the fit converged.
final sum of squares of residuals : 0.90702
rel. change during last iteration : -1.18202e-09

degrees of freedom    (FIT_NDF)                        : 23
rms of residuals      (FIT_STDFIT) = sqrt(WSSR/ndf)    : 0.198584
variance of residuals (reduced chisquare) = WSSR/ndf   : 0.0394356
p-value of the Chisq distribution (FIT_P)              : 1

Final set of parameters            Asymptotic Standard Error
=======================            ==========================
VART            = 0.581786         +/- 0.000165     (0.02836%)
VARQ            = 0.163963         +/- 0.01134      (6.917%)

correlation matrix of the fit parameters:
                VART   VARQ   
VART            1.000 
VARQ           -0.820  1.000 


*******************************************************************************
Mon Dec 19 23:09:51 2016


FIT:    data read from './Data/CubicData.csv' using 1:2:3:4  xyerrors
        format = x:z:sx:s
        #datapoints = 41
function used for fitting: cubic(x)
	cubic(x) = quadratic(x) + VART*VARC*x**3
	quadratic(x) = linear(x) + VART*VARQ*x**2
	linear(x) = VART*(1+VARL*x)
fitted parameters initialized with current variable values

   5 1.7432109593e+00  -4.31e-03  1.62e-03    5.815867e-01   9.273254e-02

After 5 iterations the fit converged.
final sum of squares of residuals : 1.74321
rel. change during last iteration : -4.30681e-08

degrees of freedom    (FIT_NDF)                        : 39
rms of residuals      (FIT_STDFIT) = sqrt(WSSR/ndf)    : 0.211418
variance of residuals (reduced chisquare) = WSSR/ndf   : 0.0446977
p-value of the Chisq distribution (FIT_P)              : 1

Final set of parameters            Asymptotic Standard Error
=======================            ==========================
VART            = 0.581587         +/- 0.0001141    (0.01961%)
VARC            = 0.0927325        +/- 0.01517      (16.36%)

correlation matrix of the fit parameters:
                VART   VARC   
VART            1.000 
VARC           -0.677  1.000 
